app/build/intermediates/manifest_merge_blame_file/debug/manifest-merger-blame-debug-report.txt
1<?xml version="1.0" encoding="utf-8"?>
2<manifest xmlns:android="http://schemas.android.com/apk/res/android"
3    package="com.google.mlkit.vision.demo"
4    android:installLocation="auto"
5    android:versionCode="11"
6    android:versionName="1.11" >
7    <!--
8 CameraX libraries require minSdkVersion 21, while this quickstart app
9    supports low to 19. Needs to use overrideLibrary to make the merger tool
10    ignore this conflict and import the libraries while keeping the app's lower
11    minSdkVersion value. In code, will check SDK version, before calling CameraX
12    APIs.
13    -->
14    <uses-sdk
14-->src\main\AndroidManifest.xml:12:5-16:60
15        android:minSdkVersion="19"
15-->src\main\AndroidManifest.xml:12:5-16:60
16        android:targetSdkVersion="34" />
16-->src\main\AndroidManifest.xml:12:5-16:60
17
18    <uses-feature android:name="android.hardware.camera" />
18-->src\main\AndroidManifest.xml:18:5-59
18-->src\main\AndroidManifest.xml:18:19-57
19
20    <uses-permission android:name="android.permission.INTERNET" />
20-->src\main\AndroidManifest.xml:20:5-66
20-->src\main\AndroidManifest.xml:20:22-64
21    <uses-permission android:name="android.permission.WRITE_EXTERNAL_STORAGE" />
21-->src\main\AndroidManifest.xml:21:5-80
21-->src\main\AndroidManifest.xml:21:22-78
22    <uses-permission android:name="android.permission.READ_EXTERNAL_STORAGE" />
22-->src\main\AndroidManifest.xml:22:5-79
22-->src\main\AndroidManifest.xml:22:22-77
23    <uses-permission android:name="android.permission.CAMERA" />
23-->src\main\AndroidManifest.xml:23:5-64
23-->src\main\AndroidManifest.xml:23:22-62
24
25    <queries>
25-->src\main\AndroidManifest.xml:88:5-92:15
26        <intent>
26-->src\main\AndroidManifest.xml:89:9-91:18
27            <action android:name="android.media.action.IMAGE_CAPTURE" />
27-->src\main\AndroidManifest.xml:90:13-73
27-->src\main\AndroidManifest.xml:90:21-70
28        </intent>
29    </queries>
30
31    <!-- For remote config -->
32    <uses-permission android:name="android.permission.ACCESS_NETWORK_STATE" />
32-->[com.google.mlkit:pose-detection-common:18.0.0-beta4] AndroidManifest.xml:7:5-79
32-->[com.google.mlkit:pose-detection-common:18.0.0-beta4] AndroidManifest.xml:7:22-76
33    <uses-permission android:name="android.permission.WAKE_LOCK" />
33-->[androidx.work:work-runtime:2.7.0] AndroidManifest.xml:25:5-68
33-->[androidx.work:work-runtime:2.7.0] AndroidManifest.xml:25:22-65
34    <uses-permission android:name="android.permission.RECEIVE_BOOT_COMPLETED" />
34-->[androidx.work:work-runtime:2.7.0] AndroidManifest.xml:27:5-81
34-->[androidx.work:work-runtime:2.7.0] AndroidManifest.xml:27:22-78
35    <uses-permission android:name="android.permission.FOREGROUND_SERVICE" />
35-->[androidx.work:work-runtime:2.7.0] AndroidManifest.xml:28:5-77
35-->[androidx.work:work-runtime:2.7.0] AndroidManifest.xml:28:22-74
36
37    <permission
37-->[androidx.core:core:1.13.0] AndroidManifest.xml:22:5-24:47
38        android:name="com.google.mlkit.vision.demo.DYNAMIC_RECEIVER_NOT_EXPORTED_PERMISSION"
38-->[androidx.core:core:1.13.0] AndroidManifest.xml:23:9-81
39        android:protectionLevel="signature" />
39-->[androidx.core:core:1.13.0] AndroidManifest.xml:24:9-44
40
41    <uses-permission android:name="com.google.mlkit.vision.demo.DYNAMIC_RECEIVER_NOT_EXPORTED_PERMISSION" />
41-->[androidx.core:core:1.13.0] AndroidManifest.xml:26:5-97
41-->[androidx.core:core:1.13.0] AndroidManifest.xml:26:22-94
42
43    <application
43-->src\main\AndroidManifest.xml:25:5-87:19
44        android:name="androidx.multidex.MultiDexApplication"
44-->src\main\AndroidManifest.xml:26:9-61
45        android:appComponentFactory="androidx.core.app.CoreComponentFactory"
45-->[androidx.core:core:1.13.0] AndroidManifest.xml:28:18-86
46        android:debuggable="true"
47        android:icon="@mipmap/ic_launcher"
47-->src\main\AndroidManifest.xml:27:9-43
48        android:label="@string/app_name"
48-->src\main\AndroidManifest.xml:28:9-41
49        android:testOnly="true"
50        android:theme="@style/Theme.AppCompat.Light" >
50-->src\main\AndroidManifest.xml:29:9-53
51        <meta-data
51-->src\main\AndroidManifest.xml:31:9-33:68
52            android:name="com.google.android.gms.version"
52-->src\main\AndroidManifest.xml:32:13-58
53            android:value="@integer/google_play_services_version" />
53-->src\main\AndroidManifest.xml:33:13-66
54
55        <!--
56          Optional: Add it to automatically download ML model to device after
57          your app is installed.
58        -->
59        <meta-data
59-->src\main\AndroidManifest.xml:37:9-39:129
60            android:name="com.google.mlkit.vision.DEPENDENCIES"
60-->src\main\AndroidManifest.xml:38:13-64
61            android:value="barcode,face,ocr,ocr_chinese,ocr_devanagari,ocr_japanese,ocr_korean,ica,custom_ica,subject_segment" />
61-->src\main\AndroidManifest.xml:39:13-127
62
63        <activity
63-->src\main\AndroidManifest.xml:41:9-49:20
64            android:name="com.google.mlkit.vision.demo.kotlin.LoginActivity"
64-->src\main\AndroidManifest.xml:42:13-49
65            android:exported="true"
65-->src\main\AndroidManifest.xml:43:13-36
66            android:theme="@style/splashscreen" >
66-->src\main\AndroidManifest.xml:44:13-48
67            <intent-filter>
67-->src\main\AndroidManifest.xml:45:13-48:29
68                <action android:name="android.intent.action.MAIN" />
68-->src\main\AndroidManifest.xml:46:17-68
68-->src\main\AndroidManifest.xml:46:25-66
69
70                <category android:name="android.intent.category.LAUNCHER" />
70-->src\main\AndroidManifest.xml:47:17-76
70-->src\main\AndroidManifest.xml:47:27-74
71            </intent-filter>
72        </activity>
73        <activity
73-->src\main\AndroidManifest.xml:51:9-55:20
74            android:name="com.google.mlkit.vision.demo.kotlin.LivePreviewActivity"
74-->src\main\AndroidManifest.xml:52:13-55
75            android:exported="false"
75-->src\main\AndroidManifest.xml:53:13-37
76            android:theme="@style/AppTheme" >
76-->src\main\AndroidManifest.xml:54:13-44
77        </activity>
78        <activity
78-->src\main\AndroidManifest.xml:58:9-61:20
79            android:name="com.google.mlkit.vision.demo.kotlin.ChooserActivity"
79-->src\main\AndroidManifest.xml:59:13-51
80            android:exported="false" >
80-->src\main\AndroidManifest.xml:60:13-37
81        </activity>
82        <activity
82-->src\main\AndroidManifest.xml:65:9-69:20
83            android:name="com.google.mlkit.vision.demo.kotlin.CameraXLivePreviewActivity"
83-->src\main\AndroidManifest.xml:66:13-62
84            android:exported="false"
84-->src\main\AndroidManifest.xml:67:13-37
85            android:theme="@style/AppTheme" >
85-->src\main\AndroidManifest.xml:68:13-44
86        </activity>
87        <activity
87-->src\main\AndroidManifest.xml:71:9-75:20
88            android:name="com.google.mlkit.vision.demo.kotlin.CameraXSourceDemoActivity"
88-->src\main\AndroidManifest.xml:72:13-61
89            android:exported="false"
89-->src\main\AndroidManifest.xml:73:13-37
90            android:theme="@style/AppTheme" >
90-->src\main\AndroidManifest.xml:74:13-44
91        </activity>
92        <activity
92-->src\main\AndroidManifest.xml:77:9-81:20
93            android:name="com.google.mlkit.vision.demo.kotlin.StillImageActivity"
93-->src\main\AndroidManifest.xml:78:13-54
94            android:exported="false"
94-->src\main\AndroidManifest.xml:79:13-37
95            android:theme="@style/AppTheme" >
95-->src\main\AndroidManifest.xml:80:13-44
96        </activity>
97        <activity
97-->src\main\AndroidManifest.xml:83:9-85:39
98            android:name="com.google.mlkit.vision.demo.preference.SettingsActivity"
98-->src\main\AndroidManifest.xml:84:13-56
99            android:exported="false" />
99-->src\main\AndroidManifest.xml:85:13-37
100
101        <!--
102             Required for ML Kit Pose Detection GPU acceleration. Applications that target Android
103             S+ require explicit declaration of any referenced vendor-provided libraries.
104        -->
105        <uses-native-library
105-->[com.google.mlkit:pose-detection-common:18.0.0-beta4] AndroidManifest.xml:16:9-18:40
106            android:name="libOpenCL.so"
106-->[com.google.mlkit:pose-detection-common:18.0.0-beta4] AndroidManifest.xml:17:13-40
107            android:required="false" />
107-->[com.google.mlkit:pose-detection-common:18.0.0-beta4] AndroidManifest.xml:18:13-37
108        <uses-native-library
108-->[com.google.mlkit:pose-detection-common:18.0.0-beta4] AndroidManifest.xml:16:9-18:40
109            android:name="libOpenCL-car.so"
109-->[com.google.mlkit:pose-detection-common:18.0.0-beta4] AndroidManifest.xml:17:13-40
110            android:required="false" />
110-->[com.google.mlkit:pose-detection-common:18.0.0-beta4] AndroidManifest.xml:18:13-37
111        <uses-native-library
111-->[com.google.mlkit:pose-detection-common:18.0.0-beta4] AndroidManifest.xml:16:9-18:40
112            android:name="libOpenCL-pixel.so"
112-->[com.google.mlkit:pose-detection-common:18.0.0-beta4] AndroidManifest.xml:17:13-40
113            android:required="false" />
113-->[com.google.mlkit:pose-detection-common:18.0.0-beta4] AndroidManifest.xml:18:13-37
114
115        <service
115-->[com.google.mlkit:pose-detection-common:18.0.0-beta4] AndroidManifest.xml:26:9-32:19
116            android:name="com.google.mlkit.common.internal.MlKitComponentDiscoveryService"
116-->[com.google.mlkit:pose-detection-common:18.0.0-beta4] AndroidManifest.xml:27:13-91
117            android:directBootAware="true"
117-->[com.google.mlkit:common:18.10.0] AndroidManifest.xml:17:13-43
118            android:exported="false" >
118-->[com.google.mlkit:pose-detection-common:18.0.0-beta4] AndroidManifest.xml:28:13-37
119            <meta-data
119-->[com.google.mlkit:pose-detection-common:18.0.0-beta4] AndroidManifest.xml:29:13-31:85
120                android:name="com.google.firebase.components:com.google.mlkit.vision.pose.internal.PoseRegistrar"
120-->[com.google.mlkit:pose-detection-common:18.0.0-beta4] AndroidManifest.xml:30:17-114
121                android:value="com.google.firebase.components.ComponentRegistrar" />
121-->[com.google.mlkit:pose-detection-common:18.0.0-beta4] AndroidManifest.xml:31:17-82
122            <meta-data
122-->[com.google.mlkit:object-detection:17.0.1] AndroidManifest.xml:14:13-16:85
123                android:name="com.google.firebase.components:com.google.mlkit.vision.objects.defaults.internal.DefaultObjectsRegistrar"
123-->[com.google.mlkit:object-detection:17.0.1] AndroidManifest.xml:15:17-136
124                android:value="com.google.firebase.components.ComponentRegistrar" />
124-->[com.google.mlkit:object-detection:17.0.1] AndroidManifest.xml:16:17-82
125            <meta-data
125-->[com.google.mlkit:object-detection-custom:17.0.1] AndroidManifest.xml:11:13-13:85
126                android:name="com.google.firebase.components:com.google.mlkit.vision.objects.custom.internal.CustomObjectsRegistrar"
126-->[com.google.mlkit:object-detection-custom:17.0.1] AndroidManifest.xml:12:17-133
127                android:value="com.google.firebase.components.ComponentRegistrar" />
127-->[com.google.mlkit:object-detection-custom:17.0.1] AndroidManifest.xml:13:17-82
128            <meta-data
128-->[com.google.mlkit:image-labeling:17.0.8] AndroidManifest.xml:11:13-13:85
129                android:name="com.google.firebase.components:com.google.mlkit.vision.label.defaults.internal.BundledLabelRegistrar"
129-->[com.google.mlkit:image-labeling:17.0.8] AndroidManifest.xml:12:17-132
130                android:value="com.google.firebase.components.ComponentRegistrar" />
130-->[com.google.mlkit:image-labeling:17.0.8] AndroidManifest.xml:13:17-82
131            <meta-data
131-->[com.google.mlkit:image-labeling-custom:17.0.2] AndroidManifest.xml:11:13-13:85
132                android:name="com.google.firebase.components:com.google.mlkit.vision.label.custom.internal.CustomLabelRegistrar"
132-->[com.google.mlkit:image-labeling-custom:17.0.2] AndroidManifest.xml:12:17-129
133                android:value="com.google.firebase.components.ComponentRegistrar" />
133-->[com.google.mlkit:image-labeling-custom:17.0.2] AndroidManifest.xml:13:17-82
134            <meta-data
134-->[com.google.mlkit:segmentation-selfie:16.0.0-beta5] AndroidManifest.xml:12:13-14:85
135                android:name="com.google.firebase.components:com.google.mlkit.vision.segmentation.internal.SegmentationRegistrar"
135-->[com.google.mlkit:segmentation-selfie:16.0.0-beta5] AndroidManifest.xml:13:17-130
136                android:value="com.google.firebase.components.ComponentRegistrar" />
136-->[com.google.mlkit:segmentation-selfie:16.0.0-beta5] AndroidManifest.xml:14:17-82
137            <meta-data
137-->[com.google.mlkit:face-mesh-detection:16.0.0-beta2] AndroidManifest.xml:11:13-13:85
138                android:name="com.google.firebase.components:com.google.mlkit.vision.facemesh.internal.FaceMeshRegistrar"
138-->[com.google.mlkit:face-mesh-detection:16.0.0-beta2] AndroidManifest.xml:12:17-122
139                android:value="com.google.firebase.components.ComponentRegistrar" />
139-->[com.google.mlkit:face-mesh-detection:16.0.0-beta2] AndroidManifest.xml:13:17-82
140            <meta-data
140-->[com.google.android.gms:play-services-mlkit-subject-segmentation:16.0.0-beta1] AndroidManifest.xml:11:13-13:85
141                android:name="com.google.firebase.components:com.google.mlkit.vision.segmentation.subject.internal.SubjectSegmentationRegistrar"
141-->[com.google.android.gms:play-services-mlkit-subject-segmentation:16.0.0-beta1] AndroidManifest.xml:12:17-145
142                android:value="com.google.firebase.components.ComponentRegistrar" />
142-->[com.google.android.gms:play-services-mlkit-subject-segmentation:16.0.0-beta1] AndroidManifest.xml:13:17-82
143            <meta-data
143-->[com.google.android.gms:play-services-mlkit-barcode-scanning:18.3.0] AndroidManifest.xml:12:13-14:85
144                android:name="com.google.firebase.components:com.google.mlkit.vision.barcode.internal.BarcodeRegistrar"
144-->[com.google.android.gms:play-services-mlkit-barcode-scanning:18.3.0] AndroidManifest.xml:13:17-120
145                android:value="com.google.firebase.components.ComponentRegistrar" />
145-->[com.google.android.gms:play-services-mlkit-barcode-scanning:18.3.0] AndroidManifest.xml:14:17-82
146            <meta-data
146-->[com.google.mlkit:vision-internal-vkp:18.2.2] AndroidManifest.xml:14:13-16:85
147                android:name="com.google.firebase.components:com.google.mlkit.vision.vkp.VkpRegistrar"
147-->[com.google.mlkit:vision-internal-vkp:18.2.2] AndroidManifest.xml:15:17-103
148                android:value="com.google.firebase.components.ComponentRegistrar" />
148-->[com.google.mlkit:vision-internal-vkp:18.2.2] AndroidManifest.xml:16:17-82
149            <meta-data
149-->[com.google.android.gms:play-services-mlkit-face-detection:17.1.0] AndroidManifest.xml:12:13-14:85
150                android:name="com.google.firebase.components:com.google.mlkit.vision.face.internal.FaceRegistrar"
150-->[com.google.android.gms:play-services-mlkit-face-detection:17.1.0] AndroidManifest.xml:13:17-114
151                android:value="com.google.firebase.components.ComponentRegistrar" />
151-->[com.google.android.gms:play-services-mlkit-face-detection:17.1.0] AndroidManifest.xml:14:17-82
152            <meta-data
152-->[com.google.android.gms:play-services-mlkit-text-recognition-common:19.0.0] AndroidManifest.xml:12:13-14:85
153                android:name="com.google.firebase.components:com.google.mlkit.vision.text.internal.TextRegistrar"
153-->[com.google.android.gms:play-services-mlkit-text-recognition-common:19.0.0] AndroidManifest.xml:13:17-114
154                android:value="com.google.firebase.components.ComponentRegistrar" />
154-->[com.google.android.gms:play-services-mlkit-text-recognition-common:19.0.0] AndroidManifest.xml:14:17-82
155            <meta-data
155-->[com.google.mlkit:vision-common:17.3.0] AndroidManifest.xml:12:13-14:85
156                android:name="com.google.firebase.components:com.google.mlkit.vision.common.internal.VisionCommonRegistrar"
156-->[com.google.mlkit:vision-common:17.3.0] AndroidManifest.xml:13:17-124
157                android:value="com.google.firebase.components.ComponentRegistrar" />
157-->[com.google.mlkit:vision-common:17.3.0] AndroidManifest.xml:14:17-82
158            <meta-data
158-->[com.google.mlkit:common:18.10.0] AndroidManifest.xml:20:13-22:85
159                android:name="com.google.firebase.components:com.google.mlkit.common.internal.CommonComponentRegistrar"
159-->[com.google.mlkit:common:18.10.0] AndroidManifest.xml:21:17-120
160                android:value="com.google.firebase.components.ComponentRegistrar" />
160-->[com.google.mlkit:common:18.10.0] AndroidManifest.xml:22:17-82
161        </service>
162        <service
162-->[com.google.mlkit:acceleration:16.0.0-beta2] AndroidManifest.xml:8:9-11:68
163            android:name="com.google.mlkit.acceleration.internal.MlKitRemoteWorkerService"
163-->[com.google.mlkit:acceleration:16.0.0-beta2] AndroidManifest.xml:9:13-91
164            android:exported="false"
164-->[com.google.mlkit:acceleration:16.0.0-beta2] AndroidManifest.xml:10:13-37
165            android:process=":mlkit_acceleration_mini_benchmark" />
165-->[com.google.mlkit:acceleration:16.0.0-beta2] AndroidManifest.xml:11:13-65
166        <service
166-->[androidx.work:work-multiprocess:2.7.0] AndroidManifest.xml:25:9-27:40
167            android:name="androidx.work.multiprocess.RemoteWorkManagerService"
167-->[androidx.work:work-multiprocess:2.7.0] AndroidManifest.xml:26:13-79
168            android:exported="false" />
168-->[androidx.work:work-multiprocess:2.7.0] AndroidManifest.xml:27:13-37
169
170        <provider
170-->[com.google.mlkit:common:18.10.0] AndroidManifest.xml:9:9-13:38
171            android:name="com.google.mlkit.common.internal.MlKitInitProvider"
171-->[com.google.mlkit:common:18.10.0] AndroidManifest.xml:10:13-78
172            android:authorities="com.google.mlkit.vision.demo.mlkitinitprovider"
172-->[com.google.mlkit:common:18.10.0] AndroidManifest.xml:11:13-69
173            android:exported="false"
173-->[com.google.mlkit:common:18.10.0] AndroidManifest.xml:12:13-37
174            android:initOrder="99" />
174-->[com.google.mlkit:common:18.10.0] AndroidManifest.xml:13:13-35
175
176        <activity
176-->[com.google.android.gms:play-services-base:18.3.0] AndroidManifest.xml:20:9-22:45
177            android:name="com.google.android.gms.common.api.GoogleApiActivity"
177-->[com.google.android.gms:play-services-base:18.3.0] AndroidManifest.xml:20:19-85
178            android:exported="false"
178-->[com.google.android.gms:play-services-base:18.3.0] AndroidManifest.xml:22:19-43
179            android:theme="@android:style/Theme.Translucent.NoTitleBar" />
179-->[com.google.android.gms:play-services-base:18.3.0] AndroidManifest.xml:21:19-78
180
181        <provider
181-->[androidx.emoji2:emoji2:1.2.0] AndroidManifest.xml:24:9-32:20
182            android:name="androidx.startup.InitializationProvider"
182-->[androidx.emoji2:emoji2:1.2.0] AndroidManifest.xml:25:13-67
183            android:authorities="com.google.mlkit.vision.demo.androidx-startup"
183-->[androidx.emoji2:emoji2:1.2.0] AndroidManifest.xml:26:13-68
184            android:exported="false" >
184-->[androidx.emoji2:emoji2:1.2.0] AndroidManifest.xml:27:13-37
185            <meta-data
185-->[androidx.emoji2:emoji2:1.2.0] AndroidManifest.xml:29:13-31:52
186                android:name="androidx.emoji2.text.EmojiCompatInitializer"
186-->[androidx.emoji2:emoji2:1.2.0] AndroidManifest.xml:30:17-75
187                android:value="androidx.startup" />
187-->[androidx.emoji2:emoji2:1.2.0] AndroidManifest.xml:31:17-49
188            <meta-data
188-->[androidx.work:work-runtime:2.7.0] AndroidManifest.xml:36:13-38:52
189                android:name="androidx.work.WorkManagerInitializer"
189-->[androidx.work:work-runtime:2.7.0] AndroidManifest.xml:37:17-68
190                android:value="androidx.startup" />
190-->[androidx.work:work-runtime:2.7.0] AndroidManifest.xml:38:17-49
191            <meta-data
191-->[androidx.lifecycle:lifecycle-process:2.6.2] AndroidManifest.xml:29:13-31:52
192                android:name="androidx.lifecycle.ProcessLifecycleInitializer"
192-->[androidx.lifecycle:lifecycle-process:2.6.2] AndroidManifest.xml:30:17-78
193                android:value="androidx.startup" />
193-->[androidx.lifecycle:lifecycle-process:2.6.2] AndroidManifest.xml:31:17-49
194            <meta-data
194-->[androidx.profileinstaller:profileinstaller:1.3.1] AndroidManifest.xml:29:13-31:52
195                android:name="androidx.profileinstaller.ProfileInstallerInitializer"
195-->[androidx.profileinstaller:profileinstaller:1.3.1] AndroidManifest.xml:30:17-85
196                android:value="androidx.startup" />
196-->[androidx.profileinstaller:profileinstaller:1.3.1] AndroidManifest.xml:31:17-49
197        </provider>
198
199        <service
199-->[androidx.work:work-runtime:2.7.0] AndroidManifest.xml:41:9-46:35
200            android:name="androidx.work.impl.background.systemalarm.SystemAlarmService"
200-->[androidx.work:work-runtime:2.7.0] AndroidManifest.xml:42:13-88
201            android:directBootAware="false"
201-->[androidx.work:work-runtime:2.7.0] AndroidManifest.xml:43:13-44
202            android:enabled="@bool/enable_system_alarm_service_default"
202-->[androidx.work:work-runtime:2.7.0] AndroidManifest.xml:44:13-72
203            android:exported="false" />
203-->[androidx.work:work-runtime:2.7.0] AndroidManifest.xml:45:13-37
204        <service
204-->[androidx.work:work-runtime:2.7.0] AndroidManifest.xml:47:9-53:35
205            android:name="androidx.work.impl.background.systemjob.SystemJobService"
205-->[androidx.work:work-runtime:2.7.0] AndroidManifest.xml:48:13-84
206            android:directBootAware="false"
206-->[androidx.work:work-runtime:2.7.0] AndroidManifest.xml:49:13-44
207            android:enabled="@bool/enable_system_job_service_default"
207-->[androidx.work:work-runtime:2.7.0] AndroidManifest.xml:50:13-70
208            android:exported="true"
208-->[androidx.work:work-runtime:2.7.0] AndroidManifest.xml:51:13-36
209            android:permission="android.permission.BIND_JOB_SERVICE" />
209-->[androidx.work:work-runtime:2.7.0] AndroidManifest.xml:52:13-69
210        <service
210-->[androidx.work:work-runtime:2.7.0] AndroidManifest.xml:54:9-59:35
211            android:name="androidx.work.impl.foreground.SystemForegroundService"
211-->[androidx.work:work-runtime:2.7.0] AndroidManifest.xml:55:13-81
212            android:directBootAware="false"
212-->[androidx.work:work-runtime:2.7.0] AndroidManifest.xml:56:13-44
213            android:enabled="@bool/enable_system_foreground_service_default"
213-->[androidx.work:work-runtime:2.7.0] AndroidManifest.xml:57:13-77
214            android:exported="false" />
214-->[androidx.work:work-runtime:2.7.0] AndroidManifest.xml:58:13-37
215
216        <receiver
216-->[androidx.work:work-runtime:2.7.0] AndroidManifest.xml:61:9-66:35
217            android:name="androidx.work.impl.utils.ForceStopRunnable$BroadcastReceiver"
217-->[androidx.work:work-runtime:2.7.0] AndroidManifest.xml:62:13-88
218            android:directBootAware="false"
218-->[androidx.work:work-runtime:2.7.0] AndroidManifest.xml:63:13-44
219            android:enabled="true"
219-->[androidx.work:work-runtime:2.7.0] AndroidManifest.xml:64:13-35
220            android:exported="false" />
220-->[androidx.work:work-runtime:2.7.0] AndroidManifest.xml:65:13-37
221        <receiver
221-->[androidx.work:work-runtime:2.7.0] AndroidManifest.xml:67:9-77:20
222            android:name="androidx.work.impl.background.systemalarm.ConstraintProxy$BatteryChargingProxy"
222-->[androidx.work:work-runtime:2.7.0] AndroidManifest.xml:68:13-106
223            android:directBootAware="false"
223-->[androidx.work:work-runtime:2.7.0] AndroidManifest.xml:69:13-44
224            android:enabled="false"
224-->[androidx.work:work-runtime:2.7.0] AndroidManifest.xml:70:13-36
225            android:exported="false" >
225-->[androidx.work:work-runtime:2.7.0] AndroidManifest.xml:71:13-37
226            <intent-filter>
226-->[androidx.work:work-runtime:2.7.0] AndroidManifest.xml:73:13-76:29
227                <action android:name="android.intent.action.ACTION_POWER_CONNECTED" />
227-->[androidx.work:work-runtime:2.7.0] AndroidManifest.xml:74:17-87
227-->[androidx.work:work-runtime:2.7.0] AndroidManifest.xml:74:25-84
228                <action android:name="android.intent.action.ACTION_POWER_DISCONNECTED" />
228-->[androidx.work:work-runtime:2.7.0] AndroidManifest.xml:75:17-90
228-->[androidx.work:work-runtime:2.7.0] AndroidManifest.xml:75:25-87
229            </intent-filter>
230        </receiver>
231        <receiver
231-->[androidx.work:work-runtime:2.7.0] AndroidManifest.xml:78:9-88:20
232            android:name="androidx.work.impl.background.systemalarm.ConstraintProxy$BatteryNotLowProxy"
232-->[androidx.work:work-runtime:2.7.0] AndroidManifest.xml:79:13-104
233            android:directBootAware="false"
233-->[androidx.work:work-runtime:2.7.0] AndroidManifest.xml:80:13-44
234            android:enabled="false"
234-->[androidx.work:work-runtime:2.7.0] AndroidManifest.xml:81:13-36
235            android:exported="false" >
235-->[androidx.work:work-runtime:2.7.0] AndroidManifest.xml:82:13-37
236            <intent-filter>
236-->[androidx.work:work-runtime:2.7.0] AndroidManifest.xml:84:13-87:29
237                <action android:name="android.intent.action.BATTERY_OKAY" />
237-->[androidx.work:work-runtime:2.7.0] AndroidManifest.xml:85:17-77
237-->[androidx.work:work-runtime:2.7.0] AndroidManifest.xml:85:25-74
238                <action android:name="android.intent.action.BATTERY_LOW" />
238-->[androidx.work:work-runtime:2.7.0] AndroidManifest.xml:86:17-76
238-->[androidx.work:work-runtime:2.7.0] AndroidManifest.xml:86:25-73
239            </intent-filter>
240        </receiver>
241        <receiver
241-->[androidx.work:work-runtime:2.7.0] AndroidManifest.xml:89:9-99:20
242            android:name="androidx.work.impl.background.systemalarm.ConstraintProxy$StorageNotLowProxy"
242-->[androidx.work:work-runtime:2.7.0] AndroidManifest.xml:90:13-104
243            android:directBootAware="false"
243-->[androidx.work:work-runtime:2.7.0] AndroidManifest.xml:91:13-44
244            android:enabled="false"
244-->[androidx.work:work-runtime:2.7.0] AndroidManifest.xml:92:13-36
245            android:exported="false" >
245-->[androidx.work:work-runtime:2.7.0] AndroidManifest.xml:93:13-37
246            <intent-filter>
246-->[androidx.work:work-runtime:2.7.0] AndroidManifest.xml:95:13-98:29
247                <action android:name="android.intent.action.DEVICE_STORAGE_LOW" />
247-->[androidx.work:work-runtime:2.7.0] AndroidManifest.xml:96:17-83
247-->[androidx.work:work-runtime:2.7.0] AndroidManifest.xml:96:25-80
248                <action android:name="android.intent.action.DEVICE_STORAGE_OK" />
248-->[androidx.work:work-runtime:2.7.0] AndroidManifest.xml:97:17-82
248-->[androidx.work:work-runtime:2.7.0] AndroidManifest.xml:97:25-79
249            </intent-filter>
250        </receiver>
251        <receiver
251-->[androidx.work:work-runtime:2.7.0] AndroidManifest.xml:100:9-109:20
252            android:name="androidx.work.impl.background.systemalarm.ConstraintProxy$NetworkStateProxy"
252-->[androidx.work:work-runtime:2.7.0] AndroidManifest.xml:101:13-103
253            android:directBootAware="false"
253-->[androidx.work:work-runtime:2.7.0] AndroidManifest.xml:102:13-44
254            android:enabled="false"
254-->[androidx.work:work-runtime:2.7.0] AndroidManifest.xml:103:13-36
255            android:exported="false" >
255-->[androidx.work:work-runtime:2.7.0] AndroidManifest.xml:104:13-37
256            <intent-filter>
256-->[androidx.work:work-runtime:2.7.0] AndroidManifest.xml:106:13-108:29
257                <action android:name="android.net.conn.CONNECTIVITY_CHANGE" />
257-->[androidx.work:work-runtime:2.7.0] AndroidManifest.xml:107:17-79
257-->[androidx.work:work-runtime:2.7.0] AndroidManifest.xml:107:25-76
258            </intent-filter>
259        </receiver>
260        <receiver
260-->[androidx.work:work-runtime:2.7.0] AndroidManifest.xml:110:9-121:20
261            android:name="androidx.work.impl.background.systemalarm.RescheduleReceiver"
261-->[androidx.work:work-runtime:2.7.0] AndroidManifest.xml:111:13-88
262            android:directBootAware="false"
262-->[androidx.work:work-runtime:2.7.0] AndroidManifest.xml:112:13-44
263            android:enabled="false"
263-->[androidx.work:work-runtime:2.7.0] AndroidManifest.xml:113:13-36
264            android:exported="false" >
264-->[androidx.work:work-runtime:2.7.0] AndroidManifest.xml:114:13-37
265            <intent-filter>
265-->[androidx.work:work-runtime:2.7.0] AndroidManifest.xml:116:13-120:29
266                <action android:name="android.intent.action.BOOT_COMPLETED" />
266-->[androidx.work:work-runtime:2.7.0] AndroidManifest.xml:117:17-79
266-->[androidx.work:work-runtime:2.7.0] AndroidManifest.xml:117:25-76
267                <action android:name="android.intent.action.TIME_SET" />
267-->[androidx.work:work-runtime:2.7.0] AndroidManifest.xml:118:17-73
267-->[androidx.work:work-runtime:2.7.0] AndroidManifest.xml:118:25-70
268                <action android:name="android.intent.action.TIMEZONE_CHANGED" />
268-->[androidx.work:work-runtime:2.7.0] AndroidManifest.xml:119:17-81
268-->[androidx.work:work-runtime:2.7.0] AndroidManifest.xml:119:25-78
269            </intent-filter>
270        </receiver>
271        <receiver
271-->[androidx.work:work-runtime:2.7.0] AndroidManifest.xml:122:9-131:20